This file contains any messages produced by compilers while
running configure, to aid debugging if configure makes a mistake.

It was created by configure, which was
generated by GNU Autoconf 2.59.  Invocation command line was

  $ ./configure --prefix=/opt/local

## --------- ##
## Platform. ##
## --------- ##

hostname = 188.242.102.107.pool.sknt.ru
uname -m = x86_64
uname -r = 13.0.0
uname -s = Darwin
uname -v = Darwin Kernel Version 13.0.0: Thu Sep 19 22:22:27 PDT 2013; root:xnu-2422.1.72~6/RELEASE_X86_64

/usr/bin/uname -p = i386
/bin/uname -X     = unknown

/bin/arch              = unknown
/usr/bin/arch -k       = unknown
/usr/convex/getsysinfo = unknown
hostinfo               = Mach kernel version:
	 Darwin Kernel Version 13.0.0: Thu Sep 19 22:22:27 PDT 2013; root:xnu-2422.1.72~6/RELEASE_X86_64
Kernel configured for up to 2 processors.
2 processors are physically available.
2 processors are logically available.
Processor type: i486 (Intel 80486)
Processors active: 0 1
Primary memory available: 4.00 gigabytes
Default processor set: 135 tasks, 469 threads, 2 processors
Load average: 2.09, Mach factor: 0.40
/bin/machine           = unknown
/usr/bin/oslevel       = unknown
/bin/universe          = unknown

PATH: /opt/local/bin
PATH: /opt/local/sbin
PATH: /usr/bin
PATH: /bin
PATH: /usr/sbin
PATH: /sbin
PATH: /usr/local/bin


## ----------- ##
## Core tests. ##
## ----------- ##

configure:1340: checking build system type
configure:1358: result: i386-apple-darwin13.0.0
configure:1366: checking host system type
configure:1380: result: i386-apple-darwin13.0.0
configure:1388: checking target system type
configure:1402: result: i386-apple-darwin13.0.0
configure:1431: checking for a BSD-compatible install
configure:1486: result: /usr/bin/install -c
configure:1497: checking whether build environment is sane
configure:1540: result: yes
configure:1565: WARNING: `missing' script is too old or missing
configure:1573: checking for gawk
configure:1589: found /opt/local/bin/gawk
configure:1599: result: gawk
configure:1609: checking whether make sets $(MAKE)
configure:1629: result: yes
configure:1781: checking whether make sets $(MAKE)
configure:1801: result: yes
configure:1861: checking for gcc
configure:1877: found /usr/bin/gcc
configure:1887: result: gcc
configure:2131: checking for C compiler version
configure:2134: gcc --version </dev/null >&5
i686-apple-darwin11-llvm-gcc-4.2 (GCC) 4.2.1 (Based on Apple Inc. build 5658) (LLVM build 2335.15.00)
Copyright (C) 2007 Free Software Foundation, Inc.
This is free software; see the source for copying conditions.  There is NO
warranty; not even for MERCHANTABILITY or FITNESS FOR A PARTICULAR PURPOSE.

configure:2137: $? = 0
configure:2139: gcc -v </dev/null >&5
Using built-in specs.
Target: i686-apple-darwin11
Configured with: /private/var/tmp/llvmgcc42/llvmgcc42-2335.15~25/src/configure --disable-checking --enable-werror --prefix=/Developer/usr/llvm-gcc-4.2 --mandir=/share/man --enable-languages=c,objc,c++,obj-c++ --program-prefix=llvm- --program-transform-name=/^[cg][^.-]*$/s/$/-4.2/ --with-slibdir=/usr/lib --build=i686-apple-darwin11 --enable-llvm=/private/var/tmp/llvmgcc42/llvmgcc42-2335.15~25/dst-llvmCore/Developer/usr/local --program-prefix=i686-apple-darwin11- --host=x86_64-apple-darwin11 --target=i686-apple-darwin11 --with-gxx-include-dir=/usr/include/c++/4.2.1
Thread model: posix
gcc version 4.2.1 (Based on Apple Inc. build 5658) (LLVM build 2335.15.00)
configure:2142: $? = 0
configure:2144: gcc -V </dev/null >&5
llvm-gcc-4.2: argument to `-V' is missing
configure:2147: $? = 1
configure:2170: checking for C compiler default output file name
configure:2173: gcc    conftest.c  >&5
configure:2176: $? = 0
configure:2222: result: a.out
configure:2227: checking whether the C compiler works
configure:2233: ./a.out
configure:2236: $? = 0
configure:2253: result: yes
configure:2260: checking whether we are cross compiling
configure:2262: result: no
configure:2265: checking for suffix of executables
configure:2267: gcc -o conftest    conftest.c  >&5
configure:2270: $? = 0
configure:2295: result: 
configure:2301: checking for suffix of object files
configure:2322: gcc -c   conftest.c >&5
configure:2325: $? = 0
configure:2347: result: o
configure:2351: checking whether we are using the GNU C compiler
configure:2375: gcc -c   conftest.c >&5
configure:2381: $? = 0
configure:2385: test -z 
			 || test ! -s conftest.err
configure:2388: $? = 0
configure:2391: test -s conftest.o
configure:2394: $? = 0
configure:2407: result: yes
configure:2413: checking whether gcc accepts -g
configure:2434: gcc -c -g  conftest.c >&5
configure:2440: $? = 0
configure:2444: test -z 
			 || test ! -s conftest.err
configure:2447: $? = 0
configure:2450: test -s conftest.o
configure:2453: $? = 0
configure:2464: result: yes
configure:2481: checking for gcc option to accept ANSI C
configure:2551: gcc  -c -g -O2  conftest.c >&5
configure:2557: $? = 0
configure:2561: test -z 
			 || test ! -s conftest.err
configure:2564: $? = 0
configure:2567: test -s conftest.o
configure:2570: $? = 0
configure:2588: result: none needed
configure:2606: gcc -c -g -O2  conftest.c >&5
conftest.c:2: error: expected '=', ',', ';', 'asm' or '__attribute__' before 'me'
configure:2612: $? = 1
configure: failed program was:
| #ifndef __cplusplus
|   choke me
| #endif
configure:2764: checking for style of include used by make
configure:2792: result: GNU
configure:2820: checking dependency style of gcc
configure:2882: result: none
configure:2928: checking for ranlib
configure:2944: found /usr/bin/ranlib
configure:2955: result: ranlib
configure:2980: checking for a BSD-compatible install
configure:3035: result: /usr/bin/install -c
configure:3059: checking for socket in -lsocket
configure:3089: gcc -o conftest -g -O2   conftest.c -lsocket   >&5
ld: library not found for -lsocket
collect2: ld returned 1 exit status
configure:3095: $? = 1
configure: failed program was:
| /* confdefs.h.  */
| 
| #define PACKAGE_NAME ""
| #define PACKAGE_TARNAME ""
| #define PACKAGE_VERSION ""
| #define PACKAGE_STRING ""
| #define PACKAGE_BUGREPORT ""
| #define PACKAGE "nylon"
| #define VERSION "1.21"
| /* end confdefs.h.  */
| 
| /* Override any gcc2 internal prototype to avoid an error.  */
| #ifdef __cplusplus
| extern "C"
| #endif
| /* We use char because int might match the return type of a gcc2
|    builtin and then its argument prototype would still apply.  */
| char socket ();
| int
| main ()
| {
| socket ();
|   ;
|   return 0;
| }
configure:3121: result: no
configure:3133: checking for gethostbyname in -lnsl
configure:3163: gcc -o conftest -g -O2   conftest.c -lnsl   >&5
ld: library not found for -lnsl
collect2: ld returned 1 exit status
configure:3169: $? = 1
configure: failed program was:
| /* confdefs.h.  */
| 
| #define PACKAGE_NAME ""
| #define PACKAGE_TARNAME ""
| #define PACKAGE_VERSION ""
| #define PACKAGE_STRING ""
| #define PACKAGE_BUGREPORT ""
| #define PACKAGE "nylon"
| #define VERSION "1.21"
| /* end confdefs.h.  */
| 
| /* Override any gcc2 internal prototype to avoid an error.  */
| #ifdef __cplusplus
| extern "C"
| #endif
| /* We use char because int might match the return type of a gcc2
|    builtin and then its argument prototype would still apply.  */
| char gethostbyname ();
| int
| main ()
| {
| gethostbyname ();
|   ;
|   return 0;
| }
configure:3195: result: no
configure:3207: checking for hstrerror in -lresolv
configure:3237: gcc -o conftest -g -O2   conftest.c -lresolv   >&5
configure:3243: $? = 0
configure:3247: test -z 
			 || test ! -s conftest.err
configure:3250: $? = 0
configure:3253: test -s conftest
configure:3256: $? = 0
configure:3269: result: yes
configure:3286: checking how to run the C preprocessor
configure:3321: gcc -E  conftest.c
configure:3327: $? = 0
configure:3359: gcc -E  conftest.c
conftest.c:12:28: error: ac_nonexistent.h: No such file or directory
configure:3365: $? = 1
configure: failed program was:
| /* confdefs.h.  */
| 
| #define PACKAGE_NAME ""
| #define PACKAGE_TARNAME ""
| #define PACKAGE_VERSION ""
| #define PACKAGE_STRING ""
| #define PACKAGE_BUGREPORT ""
| #define PACKAGE "nylon"
| #define VERSION "1.21"
| #define HAVE_LIBRESOLV 1
| /* end confdefs.h.  */
| #include <ac_nonexistent.h>
configure:3404: result: gcc -E
configure:3428: gcc -E  conftest.c
configure:3434: $? = 0
configure:3466: gcc -E  conftest.c
conftest.c:12:28: error: ac_nonexistent.h: No such file or directory
configure:3472: $? = 1
configure: failed program was:
| /* confdefs.h.  */
| 
| #define PACKAGE_NAME ""
| #define PACKAGE_TARNAME ""
| #define PACKAGE_VERSION ""
| #define PACKAGE_STRING ""
| #define PACKAGE_BUGREPORT ""
| #define PACKAGE "nylon"
| #define VERSION "1.21"
| #define HAVE_LIBRESOLV 1
| /* end confdefs.h.  */
| #include <ac_nonexistent.h>
configure:3516: checking for egrep
configure:3526: result: grep -E
configure:3531: checking for ANSI C header files
configure:3556: gcc -c -g -O2  conftest.c >&5
configure:3562: $? = 0
configure:3566: test -z 
			 || test ! -s conftest.err
configure:3569: $? = 0
configure:3572: test -s conftest.o
configure:3575: $? = 0
configure:3664: gcc -o conftest -g -O2   conftest.c -lresolv  >&5
conftest.c: In function 'main':
conftest.c:29: warning: incompatible implicit declaration of built-in function 'exit'
configure:3667: $? = 0
configure:3669: ./conftest
configure:3672: $? = 0
configure:3687: result: yes
configure:3697: checking for sys/wait.h that is POSIX.1 compatible
configure:3728: gcc -c -g -O2  conftest.c >&5
configure:3734: $? = 0
configure:3738: test -z 
			 || test ! -s conftest.err
configure:3741: $? = 0
configure:3744: test -s conftest.o
configure:3747: $? = 0
configure:3758: result: yes
configure:3769: checking if libc defines __progname
configure:3791: gcc -o conftest -g -O2   conftest.c -lresolv  >&5
conftest.c: In function 'main':
conftest.c:18: warning: incompatible implicit declaration of built-in function 'printf'
configure:3797: $? = 0
configure:3801: test -z 
			 || test ! -s conftest.err
configure:3804: $? = 0
configure:3807: test -s conftest
configure:3810: $? = 0
configure:3824: result: yes
configure:3847: checking for sys/types.h
configure:3863: gcc -c -g -O2  conftest.c >&5
configure:3869: $? = 0
configure:3873: test -z 
			 || test ! -s conftest.err
configure:3876: $? = 0
configure:3879: test -s conftest.o
configure:3882: $? = 0
configure:3893: result: yes
configure:3847: checking for sys/stat.h
configure:3863: gcc -c -g -O2  conftest.c >&5
configure:3869: $? = 0
configure:3873: test -z 
			 || test ! -s conftest.err
configure:3876: $? = 0
configure:3879: test -s conftest.o
configure:3882: $? = 0
configure:3893: result: yes
configure:3847: checking for stdlib.h
configure:3863: gcc -c -g -O2  conftest.c >&5
configure:3869: $? = 0
configure:3873: test -z 
			 || test ! -s conftest.err
configure:3876: $? = 0
configure:3879: test -s conftest.o
configure:3882: $? = 0
configure:3893: result: yes
configure:3847: checking for string.h
configure:3863: gcc -c -g -O2  conftest.c >&5
configure:3869: $? = 0
configure:3873: test -z 
			 || test ! -s conftest.err
configure:3876: $? = 0
configure:3879: test -s conftest.o
configure:3882: $? = 0
configure:3893: result: yes
configure:3847: checking for memory.h
configure:3863: gcc -c -g -O2  conftest.c >&5
configure:3869: $? = 0
configure:3873: test -z 
			 || test ! -s conftest.err
configure:3876: $? = 0
configure:3879: test -s conftest.o
configure:3882: $? = 0
configure:3893: result: yes
configure:3847: checking for strings.h
configure:3863: gcc -c -g -O2  conftest.c >&5
configure:3869: $? = 0
configure:3873: test -z 
			 || test ! -s conftest.err
configure:3876: $? = 0
configure:3879: test -s conftest.o
configure:3882: $? = 0
configure:3893: result: yes
configure:3847: checking for inttypes.h
configure:3863: gcc -c -g -O2  conftest.c >&5
configure:3869: $? = 0
configure:3873: test -z 
			 || test ! -s conftest.err
configure:3876: $? = 0
configure:3879: test -s conftest.o
configure:3882: $? = 0
configure:3893: result: yes
configure:3847: checking for stdint.h
configure:3863: gcc -c -g -O2  conftest.c >&5
configure:3869: $? = 0
configure:3873: test -z 
			 || test ! -s conftest.err
configure:3876: $? = 0
configure:3879: test -s conftest.o
configure:3882: $? = 0
configure:3893: result: yes
configure:3847: checking for unistd.h
configure:3863: gcc -c -g -O2  conftest.c >&5
configure:3869: $? = 0
configure:3873: test -z 
			 || test ! -s conftest.err
configure:3876: $? = 0
configure:3879: test -s conftest.o
configure:3882: $? = 0
configure:3893: result: yes
configure:3922: checking sys/ioctl.h usability
configure:3934: gcc -c -g -O2  conftest.c >&5
configure:3940: $? = 0
configure:3944: test -z 
			 || test ! -s conftest.err
configure:3947: $? = 0
configure:3950: test -s conftest.o
configure:3953: $? = 0
configure:3963: result: yes
configure:3967: checking sys/ioctl.h presence
configure:3977: gcc -E  conftest.c
configure:3983: $? = 0
configure:4003: result: yes
configure:4038: checking for sys/ioctl.h
configure:4045: result: yes
configure:3922: checking sys/time.h usability
configure:3934: gcc -c -g -O2  conftest.c >&5
configure:3940: $? = 0
configure:3944: test -z 
			 || test ! -s conftest.err
configure:3947: $? = 0
configure:3950: test -s conftest.o
configure:3953: $? = 0
configure:3963: result: yes
configure:3967: checking sys/time.h presence
configure:3977: gcc -E  conftest.c
configure:3983: $? = 0
configure:4003: result: yes
configure:4038: checking for sys/time.h
configure:4045: result: yes
configure:3913: checking for unistd.h
configure:3918: result: yes
configure:3922: checking sys/queue.h usability
configure:3934: gcc -c -g -O2  conftest.c >&5
configure:3940: $? = 0
configure:3944: test -z 
			 || test ! -s conftest.err
configure:3947: $? = 0
configure:3950: test -s conftest.o
configure:3953: $? = 0
configure:3963: result: yes
configure:3967: checking sys/queue.h presence
configure:3977: gcc -E  conftest.c
configure:3983: $? = 0
configure:4003: result: yes
configure:4038: checking for sys/queue.h
configure:4045: result: yes
configure:4059: checking for TAILQ_FOREACH in sys/queue.h
configure:4076: result: yes
configure:4092: checking for LIST_FIRST sys/queue.h
configure:4109: result: yes
configure:4124: checking for an ANSI C-conforming const
configure:4191: gcc -c -g -O2  conftest.c >&5
configure:4197: $? = 0
configure:4201: test -z 
			 || test ! -s conftest.err
configure:4204: $? = 0
configure:4207: test -s conftest.o
configure:4210: $? = 0
configure:4221: result: yes
configure:4231: checking for pid_t
configure:4255: gcc -c -g -O2  conftest.c >&5
configure:4261: $? = 0
configure:4265: test -z 
			 || test ! -s conftest.err
configure:4268: $? = 0
configure:4271: test -s conftest.o
configure:4274: $? = 0
configure:4285: result: yes
configure:4297: checking for size_t
configure:4321: gcc -c -g -O2  conftest.c >&5
configure:4327: $? = 0
configure:4331: test -z 
			 || test ! -s conftest.err
configure:4334: $? = 0
configure:4337: test -s conftest.o
configure:4340: $? = 0
configure:4351: result: yes
configure:4363: checking whether time.h and sys/time.h may both be included
configure:4388: gcc -c -g -O2  conftest.c >&5
configure:4394: $? = 0
configure:4398: test -z 
			 || test ! -s conftest.err
configure:4401: $? = 0
configure:4404: test -s conftest.o
configure:4407: $? = 0
configure:4418: result: yes
configure:4428: checking for u_int64_t
configure:4452: gcc -c -g -O2  conftest.c >&5
configure:4458: $? = 0
configure:4462: test -z 
			 || test ! -s conftest.err
configure:4465: $? = 0
configure:4468: test -s conftest.o
configure:4471: $? = 0
configure:4482: result: yes
configure:4494: checking for u_int32_t
configure:4518: gcc -c -g -O2  conftest.c >&5
configure:4524: $? = 0
configure:4528: test -z 
			 || test ! -s conftest.err
configure:4531: $? = 0
configure:4534: test -s conftest.o
configure:4537: $? = 0
configure:4548: result: yes
configure:4560: checking for u_int16_t
configure:4584: gcc -c -g -O2  conftest.c >&5
configure:4590: $? = 0
configure:4594: test -z 
			 || test ! -s conftest.err
configure:4597: $? = 0
configure:4600: test -s conftest.o
configure:4603: $? = 0
configure:4614: result: yes
configure:4626: checking for u_int8_t
configure:4650: gcc -c -g -O2  conftest.c >&5
configure:4656: $? = 0
configure:4660: test -z 
			 || test ! -s conftest.err
configure:4663: $? = 0
configure:4666: test -s conftest.o
configure:4669: $? = 0
configure:4680: result: yes
configure:4692: checking for in_addr_t
configure:4716: gcc -c -g -O2  conftest.c >&5
configure:4722: $? = 0
configure:4726: test -z 
			 || test ! -s conftest.err
configure:4729: $? = 0
configure:4732: test -s conftest.o
configure:4735: $? = 0
configure:4746: result: yes
configure:4758: checking for socklen_t
configure:4782: gcc -c -g -O2  conftest.c >&5
conftest.c: In function 'main':
conftest.c:68: error: 'socklen_t' undeclared (first use in this function)
conftest.c:68: error: (Each undeclared identifier is reported only once
conftest.c:68: error: for each function it appears in.)
conftest.c:68: error: expected expression before ')' token
configure:4788: $? = 1
configure: failed program was:
| /* confdefs.h.  */
| 
| #define PACKAGE_NAME ""
| #define PACKAGE_TARNAME ""
| #define PACKAGE_VERSION ""
| #define PACKAGE_STRING ""
| #define PACKAGE_BUGREPORT ""
| #define PACKAGE "nylon"
| #define VERSION "1.21"
| #define HAVE_LIBRESOLV 1
| #define STDC_HEADERS 1
| #define HAVE_SYS_WAIT_H 1
| #define HAVE___PROGNAME 1
| #define HAVE_SYS_TYPES_H 1
| #define HAVE_SYS_STAT_H 1
| #define HAVE_STDLIB_H 1
| #define HAVE_STRING_H 1
| #define HAVE_MEMORY_H 1
| #define HAVE_STRINGS_H 1
| #define HAVE_INTTYPES_H 1
| #define HAVE_STDINT_H 1
| #define HAVE_UNISTD_H 1
| #define HAVE_SYS_IOCTL_H 1
| #define HAVE_SYS_TIME_H 1
| #define HAVE_UNISTD_H 1
| #define HAVE_SYS_QUEUE_H 1
| #define HAVE_TAILQFOREACH 1
| #define HAVE_LISTFIRST 1
| #define TIME_WITH_SYS_TIME 1
| /* end confdefs.h.  */
| #include <stdio.h>
| #if HAVE_SYS_TYPES_H
| # include <sys/types.h>
| #endif
| #if HAVE_SYS_STAT_H
| # include <sys/stat.h>
| #endif
| #if STDC_HEADERS
| # include <stdlib.h>
| # include <stddef.h>
| #else
| # if HAVE_STDLIB_H
| #  include <stdlib.h>
| # endif
| #endif
| #if HAVE_STRING_H
| # if !STDC_HEADERS && HAVE_MEMORY_H
| #  include <memory.h>
| # endif
| # include <string.h>
| #endif
| #if HAVE_STRINGS_H
| # include <strings.h>
| #endif
| #if HAVE_INTTYPES_H
| # include <inttypes.h>
| #else
| # if HAVE_STDINT_H
| #  include <stdint.h>
| # endif
| #endif
| #if HAVE_UNISTD_H
| # include <unistd.h>
| #endif
| int
| main ()
| {
| if ((socklen_t *) 0)
|   return 0;
| if (sizeof (socklen_t))
|   return 0;
|   ;
|   return 0;
| }
configure:4812: result: no
configure:4826: checking whether gcc needs -traditional
conftest.c:32:20: error: termio.h: No such file or directory
configure:4868: result: no
configure:4875: checking return type of signal handlers
configure:4906: gcc -c -g -O2  conftest.c >&5
configure:4912: $? = 0
configure:4916: test -z 
			 || test ! -s conftest.err
configure:4919: $? = 0
configure:4922: test -s conftest.o
configure:4925: $? = 0
configure:4936: result: void
configure:4948: checking for socket
configure:5005: gcc -o conftest -g -O2   conftest.c -lresolv  >&5
configure:5011: $? = 0
configure:5015: test -z 
			 || test ! -s conftest.err
configure:5018: $? = 0
configure:5021: test -s conftest
configure:5024: $? = 0
configure:5036: result: yes
configure:5054: checking for strlcpy
configure:5111: gcc -o conftest -g -O2   conftest.c -lresolv  >&5
configure:5117: $? = 0
configure:5121: test -z 
			 || test ! -s conftest.err
configure:5124: $? = 0
configure:5127: test -s conftest
configure:5130: $? = 0
configure:5142: result: yes
configure:5054: checking for strlcat
configure:5111: gcc -o conftest -g -O2   conftest.c -lresolv  >&5
configure:5117: $? = 0
configure:5121: test -z 
			 || test ! -s conftest.err
configure:5124: $? = 0
configure:5127: test -s conftest
configure:5130: $? = 0
configure:5142: result: yes
configure:5054: checking for strsep
configure:5111: gcc -o conftest -g -O2   conftest.c -lresolv  >&5
configure:5117: $? = 0
configure:5121: test -z 
			 || test ! -s conftest.err
configure:5124: $? = 0
configure:5127: test -s conftest
configure:5130: $? = 0
configure:5142: result: yes
configure:5054: checking for setproctitle
configure:5111: gcc -o conftest -g -O2   conftest.c -lresolv  >&5
Undefined symbols for architecture x86_64:
  "_setproctitle", referenced from:
      _main in ccnmipze.o
      _f in ccnmipze.o
ld: symbol(s) not found for architecture x86_64
collect2: ld returned 1 exit status
configure:5117: $? = 1
configure: failed program was:
| /* confdefs.h.  */
| 
| #define PACKAGE_NAME ""
| #define PACKAGE_TARNAME ""
| #define PACKAGE_VERSION ""
| #define PACKAGE_STRING ""
| #define PACKAGE_BUGREPORT ""
| #define PACKAGE "nylon"
| #define VERSION "1.21"
| #define HAVE_LIBRESOLV 1
| #define STDC_HEADERS 1
| #define HAVE_SYS_WAIT_H 1
| #define HAVE___PROGNAME 1
| #define HAVE_SYS_TYPES_H 1
| #define HAVE_SYS_STAT_H 1
| #define HAVE_STDLIB_H 1
| #define HAVE_STRING_H 1
| #define HAVE_MEMORY_H 1
| #define HAVE_STRINGS_H 1
| #define HAVE_INTTYPES_H 1
| #define HAVE_STDINT_H 1
| #define HAVE_UNISTD_H 1
| #define HAVE_SYS_IOCTL_H 1
| #define HAVE_SYS_TIME_H 1
| #define HAVE_UNISTD_H 1
| #define HAVE_SYS_QUEUE_H 1
| #define HAVE_TAILQFOREACH 1
| #define HAVE_LISTFIRST 1
| #define TIME_WITH_SYS_TIME 1
| #define socklen_t unsigned int
| #define RETSIGTYPE void
| #define HAVE_SOCKET 1
| #define HAVE_STRLCPY 1
| #define HAVE_STRLCAT 1
| #define HAVE_STRSEP 1
| /* end confdefs.h.  */
| /* Define setproctitle to an innocuous variant, in case <limits.h> declares setproctitle.
|    For example, HP-UX 11i <limits.h> declares gettimeofday.  */
| #define setproctitle innocuous_setproctitle
| 
| /* System header to define __stub macros and hopefully few prototypes,
|     which can conflict with char setproctitle (); below.
|     Prefer <limits.h> to <assert.h> if __STDC__ is defined, since
|     <limits.h> exists even on freestanding compilers.  */
| 
| #ifdef __STDC__
| # include <limits.h>
| #else
| # include <assert.h>
| #endif
| 
| #undef setproctitle
| 
| /* Override any gcc2 internal prototype to avoid an error.  */
| #ifdef __cplusplus
| extern "C"
| {
| #endif
| /* We use char because int might match the return type of a gcc2
|    builtin and then its argument prototype would still apply.  */
| char setproctitle ();
| /* The GNU C library defines this for functions which it implements
|     to always fail with ENOSYS.  Some functions are actually named
|     something starting with __ and the normal name is an alias.  */
| #if defined (__stub_setproctitle) || defined (__stub___setproctitle)
| choke me
| #else
| char (*f) () = setproctitle;
| #endif
| #ifdef __cplusplus
| }
| #endif
| 
| int
| main ()
| {
| return f != setproctitle;
|   ;
|   return 0;
| }
configure:5142: result: no
configure:5054: checking for daemon
configure:5111: gcc -o conftest -g -O2   conftest.c -lresolv  >&5
configure:5117: $? = 0
configure:5121: test -z 
			 || test ! -s conftest.err
configure:5124: $? = 0
configure:5127: test -s conftest
configure:5130: $? = 0
configure:5142: result: yes
configure:5163: checking for libevent
configure:5208: result: yes
configure:5329: creating ./config.status

## ---------------------- ##
## Running config.status. ##
## ---------------------- ##

This file was extended by config.status, which was
generated by GNU Autoconf 2.59.  Invocation command line was

  CONFIG_FILES    = 
  CONFIG_HEADERS  = 
  CONFIG_LINKS    = 
  CONFIG_COMMANDS = 
  $ ./config.status 

on 188.242.102.107.pool.sknt.ru

config.status:701: creating Makefile
config.status:701: creating src/Makefile
config.status:701: creating man/Makefile
config.status:701: creating include/Makefile
config.status:805: creating include/config.h
config.status:947: include/config.h is unchanged
config.status:1111: executing depfiles commands

## ---------------- ##
## Cache variables. ##
## ---------------- ##

ac_cv_build=i386-apple-darwin13.0.0
ac_cv_build_alias=i386-apple-darwin13.0.0
ac_cv_c_compiler_gnu=yes
ac_cv_c_const=yes
ac_cv_env_CC_set=
ac_cv_env_CC_value=
ac_cv_env_CFLAGS_set=
ac_cv_env_CFLAGS_value=
ac_cv_env_CPPFLAGS_set=
ac_cv_env_CPPFLAGS_value=
ac_cv_env_CPP_set=
ac_cv_env_CPP_value=
ac_cv_env_LDFLAGS_set=
ac_cv_env_LDFLAGS_value=
ac_cv_env_build_alias_set=
ac_cv_env_build_alias_value=
ac_cv_env_host_alias_set=
ac_cv_env_host_alias_value=
ac_cv_env_target_alias_set=
ac_cv_env_target_alias_value=
ac_cv_exeext=
ac_cv_func_daemon=yes
ac_cv_func_setproctitle=no
ac_cv_func_socket=yes
ac_cv_func_strlcat=yes
ac_cv_func_strlcpy=yes
ac_cv_func_strsep=yes
ac_cv_header_inttypes_h=yes
ac_cv_header_memory_h=yes
ac_cv_header_stdc=yes
ac_cv_header_stdint_h=yes
ac_cv_header_stdlib_h=yes
ac_cv_header_string_h=yes
ac_cv_header_strings_h=yes
ac_cv_header_sys_ioctl_h=yes
ac_cv_header_sys_queue_h=yes
ac_cv_header_sys_stat_h=yes
ac_cv_header_sys_time_h=yes
ac_cv_header_sys_types_h=yes
ac_cv_header_sys_wait_h=yes
ac_cv_header_time=yes
ac_cv_header_unistd_h=yes
ac_cv_host=i386-apple-darwin13.0.0
ac_cv_host_alias=i386-apple-darwin13.0.0
ac_cv_lib_nsl_gethostbyname=no
ac_cv_lib_resolv_hstrerror=yes
ac_cv_lib_socket_socket=no
ac_cv_libc_defines___progname=yes
ac_cv_objext=o
ac_cv_path_install='/usr/bin/install -c'
ac_cv_prog_AWK=gawk
ac_cv_prog_CPP='gcc -E'
ac_cv_prog_ac_ct_CC=gcc
ac_cv_prog_ac_ct_RANLIB=ranlib
ac_cv_prog_cc_g=yes
ac_cv_prog_cc_stdc=
ac_cv_prog_egrep='grep -E'
ac_cv_prog_gcc_traditional=no
ac_cv_prog_make_make_set=yes
ac_cv_target=i386-apple-darwin13.0.0
ac_cv_target_alias=i386-apple-darwin13.0.0
ac_cv_type_in_addr_t=yes
ac_cv_type_pid_t=yes
ac_cv_type_signal=void
ac_cv_type_size_t=yes
ac_cv_type_socklen_t=no
ac_cv_type_u_int16_t=yes
ac_cv_type_u_int32_t=yes
ac_cv_type_u_int64_t=yes
ac_cv_type_u_int8_t=yes
am_cv_CC_dependencies_compiler_type=none

## ----------------- ##
## Output variables. ##
## ----------------- ##

ACLOCAL='aclocal-1.6'
AMDEPBACKSLASH='\'
AMDEP_FALSE='#'
AMDEP_TRUE=''
AMTAR='tar'
AUTOCONF='autoconf'
AUTOHEADER='autoheader'
AUTOMAKE='automake-1.6'
AWK='gawk'
CC='gcc'
CCDEPMODE='depmode=none'
CFLAGS='-g -O2'
CPP='gcc -E'
CPPFLAGS=''
DEFS='-DHAVE_CONFIG_H'
DEPDIR='.deps'
ECHO_C='ECHO_N=''
ECHO_T=''
EGREP='grep -E'
EVENTINC='-I/opt/local/include'
EVENTLIB='-L/opt/local/lib -levent'
EXEEXT=''
INSTALL_DATA='${INSTALL} -m 644'
INSTALL_PROGRAM='${INSTALL}'
INSTALL_SCRIPT='${INSTALL}'
INSTALL_STRIP_PROGRAM='${SHELL} $(install_sh) -c -s'
LDFLAGS=''
LIBOBJS=' setproctitle$U.o'
LIBS='-lresolv '
LTLIBOBJS=' setproctitle$U.lo'
MAKEINFO='makeinfo'
OBJEXT='o'
PACKAGE='nylon'
PACKAGE_BUGREPORT=''
PACKAGE_NAME=''
PACKAGE_STRING=''
PACKAGE_TARNAME=''
PACKAGE_VERSION=''
PATH_SEPARATOR=':'
RANLIB='ranlib'
SET_MAKE=''
SHELL='/bin/sh'
STRIP=''
VERSION='1.21'
ac_ct_CC='gcc'
ac_ct_RANLIB='ranlib'
ac_ct_STRIP=''
am__include='include'
am__quote=''
bindir='${exec_prefix}/bin'
build='i386-apple-darwin13.0.0'
build_alias=''
build_cpu='i386'
build_os='darwin13.0.0'
build_vendor='apple'
datadir='${prefix}/share'
exec_prefix='${prefix}'
host='i386-apple-darwin13.0.0'
host_alias=''
host_cpu='i386'
host_os='darwin13.0.0'
host_vendor='apple'
includedir='${prefix}/include'
infodir='${prefix}/info'
install_sh='/Volumes/hard_hfs 1/projects/nylon-ss/install-sh'
libdir='${exec_prefix}/lib'
libexecdir='${exec_prefix}/libexec'
localstatedir='${prefix}/var'
mandir='${prefix}/man'
oldincludedir='/usr/include'
prefix='/opt/local'
program_transform_name='s,x,x,'
sbindir='${exec_prefix}/sbin'
sharedstatedir='${prefix}/com'
sysconfdir='${prefix}/etc'
target='i386-apple-darwin13.0.0'
target_alias=''
target_cpu='i386'
target_os='darwin13.0.0'
target_vendor='apple'

## ----------- ##
## confdefs.h. ##
## ----------- ##

#define HAVE_DAEMON 1
#define HAVE_INTTYPES_H 1
#define HAVE_LIBRESOLV 1
#define HAVE_LISTFIRST 1
#define HAVE_MEMORY_H 1
#define HAVE_SOCKET 1
#define HAVE_STDINT_H 1
#define HAVE_STDLIB_H 1
#define HAVE_STRINGS_H 1
#define HAVE_STRING_H 1
#define HAVE_STRLCAT 1
#define HAVE_STRLCPY 1
#define HAVE_STRSEP 1
#define HAVE_SYS_IOCTL_H 1
#define HAVE_SYS_QUEUE_H 1
#define HAVE_SYS_STAT_H 1
#define HAVE_SYS_TIME_H 1
#define HAVE_SYS_TYPES_H 1
#define HAVE_SYS_WAIT_H 1
#define HAVE_TAILQFOREACH 1
#define HAVE_UNISTD_H 1
#define HAVE_UNISTD_H 1
#define HAVE___PROGNAME 1
#define PACKAGE "nylon"
#define PACKAGE_BUGREPORT ""
#define PACKAGE_NAME ""
#define PACKAGE_STRING ""
#define PACKAGE_TARNAME ""
#define PACKAGE_VERSION ""
#define RETSIGTYPE void
#define STDC_HEADERS 1
#define SYSCONFDIR "/opt/local/etc"
#define TIME_WITH_SYS_TIME 1
#define VERSION "1.21"
#define socklen_t unsigned int

configure: exit 0
